# PASGAL Comprehensive Scalability Testing Results
# Generated on: Mon Aug 18 03:38:16 PM PDT 2025
# Format: Graph | Nodes | Edges | Density | Src_Sink_Dist | Undirected_Diam | PBBS_Results | PR_Seq_Results | Speedup_Analysis
# PBBS_Results format: threads:flow:avg_time;...
# Speedup_Analysis format: threads:speedup:efficiency;...

soc-LiveJournal1.bin | unknown | unknown | unknown | unknown | unknown | 1:46:3.364000;2:46:3.001000;4:46:4.663000;8:46:3.122333;16:46:2.845000;32:46:3.139666;64:46:5.411000 | 46:22.437533 | 1:1.00:100.00;2:1.12:56.00;4:.72:18.00;8:1.07:13.00;16:1.18:7.00;32:1.07:3.00;64:.62:0
randLocalGraph_F_5_1000000 | 1000002 | 10796390 | 10.7964 | 3 | 4 | 1:5113125:11.623666;2:5113125:5.523000;4:5113125:2.697666;8:5113125:1.116666;16:5113125:.631333;32:5113125:.394333;64:5113125:.347666 | 5113125:4.547853 | 1:1.00:100.00;2:2.10:105.00;4:4.30:107.00;8:10.40:130.00;16:18.41:115.00;32:29.47:92.00;64:33.43:52.00

=== Performance Analysis ===
Comprehensive Scalability Analysis
==================================
Graph                     |    Nodes |      Edges |  Density | S-T_Dist |   Diameter |    PR_seq(s) |    Best_PBBS(s) | Scalability
-------------------------|----------|------------|----------|----------|------------|-------------|----------------|------------
soc-LiveJournal1.bin      |  unknown |    unknown |  unknown |  unknown |    unknown |    22.437533 |        2.845000 | 1.18x@16T
randLocalGraph_F_5_10000  |  1000002 |   10796390 |  10.7964 |        3 |          4 |     4.547853 |         .347666 | 33.43x@64T

Detailed Thread Scalability:
----------------------------

Graph: soc-LiveJournal1.bin
  Properties: N=unknown
unknown, M=unknown
unknown, Density=unknown
unknown, S-T_Dist=unknown
unknown, Diameter=unknown
unknown
  PR_seq: Flow=46
2.845000, Time=22.437533
2.845000s
  PBBS Thread Scalability:
    Threads | Flow | Time(s) | Speedup | Efficiency(%)
    --------|------|---------|---------|-------------
          1 |   46 | 3.364000 |    1.00 |      100.00
          2 |   46 | 3.001000 |    1.12 |       56.00
          4 |   46 | 4.663000 |     .72 |       18.00
          8 |   46 | 3.122333 |    1.07 |       13.00
         16 |   46 | 2.845000 |    1.18 |        7.00
         32 |   46 | 3.139666 |    1.07 |        3.00
         64 |   46 | 5.411000 |     .62 |           0

Graph: randLocalGraph_F_5_1000000
  Properties: N=1000002, M=10796390, Density=10.7964, S-T_Dist=3, Diameter=4
  PR_seq: Flow=5113125, Time=4.547853s
  PBBS Thread Scalability:
    Threads | Flow | Time(s) | Speedup | Efficiency(%)
    --------|------|---------|---------|-------------
          1 | 5113125 | 11.623666 |    1.00 |      100.00
          2 | 5113125 | 5.523000 |    2.10 |      105.00
          4 | 5113125 | 2.697666 |    4.30 |      107.00
          8 | 5113125 | 1.116666 |   10.40 |      130.00
         16 | 5113125 | .631333 |   18.41 |      115.00
         32 | 5113125 | .394333 |   29.47 |       92.00
         64 | 5113125 | .347666 |   33.43 |       52.00
